android/app/build/intermediates/manifest_merge_blame_file/debug/manifest-merger-blame-debug-report.txt
1<?xml version="1.0" encoding="utf-8"?>
2<manifest xmlns:android="http://schemas.android.com/apk/res/android"
3    package="cn.nodemedia.iShowRN"
4    android:versionCode="1"
5    android:versionName="1.0" >
6
7    <uses-sdk
8        android:minSdkVersion="16"
9        android:targetSdkVersion="28" />
10
11    <uses-permission android:name="android.permission.SYSTEM_ALERT_WINDOW" />
11-->src\debug\AndroidManifest.xml:5:5-77
11-->src\debug\AndroidManifest.xml:5:22-75
12
13    <uses-feature android:name="android.hardware.camera" />
13-->src\main\AndroidManifest.xml:4:5-59
13-->src\main\AndroidManifest.xml:4:19-57
14    <uses-feature android:name="android.hardware.camera.autofocus" />
14-->src\main\AndroidManifest.xml:5:5-69
14-->src\main\AndroidManifest.xml:5:19-67
15
16    <uses-permission android:name="android.permission.CAMERA" />
16-->src\main\AndroidManifest.xml:7:5-64
16-->src\main\AndroidManifest.xml:7:22-62
17    <uses-permission android:name="android.permission.RECORD_AUDIO" />
17-->src\main\AndroidManifest.xml:8:5-70
17-->src\main\AndroidManifest.xml:8:22-68
18    <uses-permission android:name="android.permission.FLASHLIGHT" />
18-->src\main\AndroidManifest.xml:9:5-68
18-->src\main\AndroidManifest.xml:9:22-66
19    <uses-permission android:name="android.permission.WRITE_EXTERNAL_STORAGE" />
19-->src\main\AndroidManifest.xml:10:5-80
19-->src\main\AndroidManifest.xml:10:22-78
20    <uses-permission android:name="android.permission.INTERNET" />
20-->src\main\AndroidManifest.xml:11:5-67
20-->src\main\AndroidManifest.xml:11:22-64
21    <uses-permission android:name="android.permission.ACCESS_WIFI_STATE" />
21-->[com.facebook.flipper:flipper:0.33.1] AndroidManifest.xml:16:5-76
21-->[com.facebook.flipper:flipper:0.33.1] AndroidManifest.xml:16:22-73
22
23    <application
23-->src\main\AndroidManifest.xml:13:5-32:19
24        android:name="com.ishowrn.MainApplication"
24-->src\main\AndroidManifest.xml:14:7-38
25        android:allowBackup="false"
25-->src\main\AndroidManifest.xml:18:7-34
26        android:appComponentFactory="androidx.core.app.CoreComponentFactory"
26-->[androidx.core:core:1.1.0] AndroidManifest.xml:24:18-86
27        android:debuggable="true"
28        android:icon="@mipmap/ic_launcher"
28-->src\main\AndroidManifest.xml:16:7-41
29        android:label="@string/app_name"
29-->src\main\AndroidManifest.xml:15:7-39
30        android:roundIcon="@mipmap/ic_launcher_round"
30-->src\main\AndroidManifest.xml:17:7-52
31        android:theme="@style/AppTheme"
31-->src\main\AndroidManifest.xml:19:7-38
32        android:usesCleartextTraffic="true" >
32-->src\debug\AndroidManifest.xml:7:18-53
33        <activity
33-->src\main\AndroidManifest.xml:20:7-30:18
34            android:name="com.ishowrn.MainActivity"
34-->src\main\AndroidManifest.xml:21:9-37
35            android:configChanges="keyboard|keyboardHidden|orientation|screenSize|uiMode"
35-->src\main\AndroidManifest.xml:23:9-86
36            android:label="@string/app_name"
36-->src\main\AndroidManifest.xml:22:9-41
37            android:launchMode="singleTask"
37-->src\main\AndroidManifest.xml:24:9-40
38            android:windowSoftInputMode="adjustResize" >
38-->src\main\AndroidManifest.xml:25:9-51
39            <intent-filter>
39-->src\main\AndroidManifest.xml:26:9-29:25
40                <action android:name="android.intent.action.MAIN" />
40-->src\main\AndroidManifest.xml:27:13-65
40-->src\main\AndroidManifest.xml:27:21-62
41
42                <category android:name="android.intent.category.LAUNCHER" />
42-->src\main\AndroidManifest.xml:28:13-73
42-->src\main\AndroidManifest.xml:28:23-70
43            </intent-filter>
44        </activity>
45        <activity android:name="com.facebook.react.devsupport.DevSettingsActivity" />
45-->src\main\AndroidManifest.xml:31:7-84
45-->src\main\AndroidManifest.xml:31:17-81
46    </application>
47
48</manifest>